{"C:\\Users\\vitor.auricchio\\Desktop\\trabalho-api\\src\\app.js": {"path":"C:\\Users\\vitor.auricchio\\Desktop\\trabalho-api\\src\\app.js","statementMap":{"0":{"start":{"line":1,"column":16},"end":{"line":1,"column":34}},"1":{"start":{"line":2,"column":18},"end":{"line":2,"column":47}},"2":{"start":{"line":3,"column":20},"end":{"line":3,"column":47}},"3":{"start":{"line":4,"column":21},"end":{"line":4,"column":58}},"4":{"start":{"line":5,"column":17},"end":{"line":5,"column":44}},"5":{"start":{"line":6,"column":19},"end":{"line":6,"column":49}},"6":{"start":{"line":7,"column":19},"end":{"line":7,"column":49}},"7":{"start":{"line":8,"column":19},"end":{"line":8,"column":49}},"8":{"start":{"line":10,"column":12},"end":{"line":10,"column":21}},"9":{"start":{"line":12,"column":0},"end":{"line":12,"column":23}},"10":{"start":{"line":14,"column":0},"end":{"line":14,"column":67}},"11":{"start":{"line":16,"column":0},"end":{"line":16,"column":28}},"12":{"start":{"line":17,"column":0},"end":{"line":17,"column":29}},"13":{"start":{"line":18,"column":0},"end":{"line":18,"column":29}},"14":{"start":{"line":20,"column":0},"end":{"line":22,"column":2}},"15":{"start":{"line":21,"column":2},"end":{"line":21,"column":73}},"16":{"start":{"line":24,"column":0},"end":{"line":24,"column":21}},"17":{"start":{"line":26,"column":0},"end":{"line":26,"column":20}}},"fnMap":{"0":{"name":"(anonymous_0)","decl":{"start":{"line":20,"column":8},"end":{"line":20,"column":9}},"loc":{"start":{"line":20,"column":28},"end":{"line":22,"column":1}},"line":20}},"branchMap":{},"s":{"0":6,"1":6,"2":6,"3":6,"4":6,"5":6,"6":6,"7":6,"8":6,"9":6,"10":6,"11":6,"12":6,"13":6,"14":6,"15":1,"16":6,"17":6},"f":{"0":1},"b":{},"_coverageSchema":"1a1c01bbd47fc00a2c39e90264f33305004495a9","hash":"c3c6d31e14208634371ea5ece66ddaafc7d1e369"}
,"C:\\Users\\vitor.auricchio\\Desktop\\trabalho-api\\src\\config\\prisma.js": {"path":"C:\\Users\\vitor.auricchio\\Desktop\\trabalho-api\\src\\config\\prisma.js","statementMap":{"0":{"start":{"line":1,"column":25},"end":{"line":1,"column":50}},"1":{"start":{"line":2,"column":15},"end":{"line":2,"column":33}},"2":{"start":{"line":3,"column":0},"end":{"line":3,"column":23}}},"fnMap":{},"branchMap":{},"s":{"0":6,"1":6,"2":6},"f":{},"b":{},"_coverageSchema":"1a1c01bbd47fc00a2c39e90264f33305004495a9","hash":"f9ea21122e12ada713c25c2e60fcbc2e11deb91b"}
,"C:\\Users\\vitor.auricchio\\Desktop\\trabalho-api\\src\\config\\swagger.js": {"path":"C:\\Users\\vitor.auricchio\\Desktop\\trabalho-api\\src\\config\\swagger.js","statementMap":{"0":{"start":{"line":1,"column":21},"end":{"line":1,"column":45}},"1":{"start":{"line":3,"column":16},"end":{"line":37,"column":1}},"2":{"start":{"line":39,"column":0},"end":{"line":39,"column":38}}},"fnMap":{},"branchMap":{},"s":{"0":6,"1":6,"2":6},"f":{},"b":{},"_coverageSchema":"1a1c01bbd47fc00a2c39e90264f33305004495a9","hash":"33f70b9ef285a0dfa247b1f960481795f9a1c5ea"}
,"C:\\Users\\vitor.auricchio\\Desktop\\trabalho-api\\src\\controllers\\authController.js": {"path":"C:\\Users\\vitor.auricchio\\Desktop\\trabalho-api\\src\\controllers\\authController.js","statementMap":{"0":{"start":{"line":1,"column":13},"end":{"line":1,"column":38}},"1":{"start":{"line":2,"column":17},"end":{"line":2,"column":45}},"2":{"start":{"line":4,"column":43},"end":{"line":4,"column":67}},"3":{"start":{"line":7,"column":14},"end":{"line":42,"column":1}},"4":{"start":{"line":8,"column":4},"end":{"line":41,"column":5}},"5":{"start":{"line":10,"column":36},"end":{"line":10,"column":44}},"6":{"start":{"line":13,"column":21},"end":{"line":13,"column":50}},"7":{"start":{"line":15,"column":8},"end":{"line":17,"column":9}},"8":{"start":{"line":16,"column":12},"end":{"line":16,"column":72}},"9":{"start":{"line":19,"column":32},"end":{"line":19,"column":82}},"10":{"start":{"line":21,"column":8},"end":{"line":23,"column":9}},"11":{"start":{"line":22,"column":12},"end":{"line":22,"column":72}},"12":{"start":{"line":26,"column":22},"end":{"line":26,"column":41}},"13":{"start":{"line":28,"column":8},"end":{"line":37,"column":11}},"14":{"start":{"line":40,"column":8},"end":{"line":40,"column":19}},"15":{"start":{"line":46,"column":15},"end":{"line":51,"column":1}},"16":{"start":{"line":50,"column":4},"end":{"line":50,"column":78}},"17":{"start":{"line":53,"column":0},"end":{"line":56,"column":2}}},"fnMap":{"0":{"name":"(anonymous_0)","decl":{"start":{"line":7,"column":14},"end":{"line":7,"column":15}},"loc":{"start":{"line":7,"column":40},"end":{"line":42,"column":1}},"line":7},"1":{"name":"(anonymous_1)","decl":{"start":{"line":46,"column":15},"end":{"line":46,"column":16}},"loc":{"start":{"line":46,"column":29},"end":{"line":51,"column":1}},"line":46}},"branchMap":{"0":{"loc":{"start":{"line":15,"column":8},"end":{"line":17,"column":9}},"type":"if","locations":[{"start":{"line":15,"column":8},"end":{"line":17,"column":9}},{"start":{},"end":{}}],"line":15},"1":{"loc":{"start":{"line":21,"column":8},"end":{"line":23,"column":9}},"type":"if","locations":[{"start":{"line":21,"column":8},"end":{"line":23,"column":9}},{"start":{},"end":{}}],"line":21}},"s":{"0":6,"1":6,"2":6,"3":6,"4":23,"5":23,"6":23,"7":23,"8":2,"9":21,"10":21,"11":16,"12":5,"13":5,"14":0,"15":6,"16":2,"17":6},"f":{"0":23,"1":2},"b":{"0":[2,21],"1":[16,5]},"_coverageSchema":"1a1c01bbd47fc00a2c39e90264f33305004495a9","hash":"1f2e6b286127aee0a7070381a0380fa612299849"}
,"C:\\Users\\vitor.auricchio\\Desktop\\trabalho-api\\src\\controllers\\commentController.js": {"path":"C:\\Users\\vitor.auricchio\\Desktop\\trabalho-api\\src\\controllers\\commentController.js","statementMap":{"0":{"start":{"line":1,"column":16},"end":{"line":1,"column":44}},"1":{"start":{"line":2,"column":15},"end":{"line":2,"column":42}},"2":{"start":{"line":4,"column":19},"end":{"line":31,"column":1}},"3":{"start":{"line":5,"column":4},"end":{"line":30,"column":5}},"4":{"start":{"line":6,"column":27},"end":{"line":6,"column":37}},"5":{"start":{"line":7,"column":25},"end":{"line":7,"column":33}},"6":{"start":{"line":9,"column":23},"end":{"line":9,"column":34}},"7":{"start":{"line":11,"column":27},"end":{"line":13,"column":10}},"8":{"start":{"line":15,"column":8},"end":{"line":17,"column":9}},"9":{"start":{"line":16,"column":12},"end":{"line":16,"column":84}},"10":{"start":{"line":19,"column":27},"end":{"line":23,"column":10}},"11":{"start":{"line":26,"column":8},"end":{"line":26,"column":48}},"12":{"start":{"line":28,"column":8},"end":{"line":28,"column":29}},"13":{"start":{"line":29,"column":8},"end":{"line":29,"column":78}},"14":{"start":{"line":33,"column":21},"end":{"line":45,"column":1}},"15":{"start":{"line":34,"column":4},"end":{"line":44,"column":5}},"16":{"start":{"line":35,"column":27},"end":{"line":35,"column":37}},"17":{"start":{"line":38,"column":25},"end":{"line":38,"column":59}},"18":{"start":{"line":40,"column":8},"end":{"line":40,"column":46}},"19":{"start":{"line":42,"column":8},"end":{"line":42,"column":29}},"20":{"start":{"line":43,"column":8},"end":{"line":43,"column":76}},"21":{"start":{"line":48,"column":22},"end":{"line":74,"column":1}},"22":{"start":{"line":49,"column":4},"end":{"line":73,"column":5}},"23":{"start":{"line":51,"column":30},"end":{"line":51,"column":40}},"24":{"start":{"line":52,"column":23},"end":{"line":52,"column":34}},"25":{"start":{"line":56,"column":24},"end":{"line":56,"column":57}},"26":{"start":{"line":58,"column":8},"end":{"line":60,"column":9}},"27":{"start":{"line":59,"column":12},"end":{"line":59,"column":80}},"28":{"start":{"line":62,"column":8},"end":{"line":64,"column":9}},"29":{"start":{"line":63,"column":12},"end":{"line":63,"column":119}},"30":{"start":{"line":66,"column":8},"end":{"line":66,"column":40}},"31":{"start":{"line":69,"column":8},"end":{"line":69,"column":38}},"32":{"start":{"line":71,"column":8},"end":{"line":71,"column":29}},"33":{"start":{"line":72,"column":8},"end":{"line":72,"column":85}},"34":{"start":{"line":76,"column":0},"end":{"line":80,"column":2}}},"fnMap":{"0":{"name":"(anonymous_0)","decl":{"start":{"line":4,"column":19},"end":{"line":4,"column":20}},"loc":{"start":{"line":4,"column":39},"end":{"line":31,"column":1}},"line":4},"1":{"name":"(anonymous_1)","decl":{"start":{"line":33,"column":21},"end":{"line":33,"column":22}},"loc":{"start":{"line":33,"column":41},"end":{"line":45,"column":1}},"line":33},"2":{"name":"(anonymous_2)","decl":{"start":{"line":48,"column":22},"end":{"line":48,"column":23}},"loc":{"start":{"line":48,"column":42},"end":{"line":74,"column":1}},"line":48}},"branchMap":{"0":{"loc":{"start":{"line":15,"column":8},"end":{"line":17,"column":9}},"type":"if","locations":[{"start":{"line":15,"column":8},"end":{"line":17,"column":9}},{"start":{},"end":{}}],"line":15},"1":{"loc":{"start":{"line":58,"column":8},"end":{"line":60,"column":9}},"type":"if","locations":[{"start":{"line":58,"column":8},"end":{"line":60,"column":9}},{"start":{},"end":{}}],"line":58},"2":{"loc":{"start":{"line":62,"column":8},"end":{"line":64,"column":9}},"type":"if","locations":[{"start":{"line":62,"column":8},"end":{"line":64,"column":9}},{"start":{},"end":{}}],"line":62}},"s":{"0":6,"1":6,"2":6,"3":2,"4":2,"5":2,"6":2,"7":2,"8":2,"9":1,"10":1,"11":1,"12":0,"13":0,"14":6,"15":1,"16":1,"17":1,"18":1,"19":0,"20":0,"21":6,"22":2,"23":2,"24":2,"25":2,"26":2,"27":1,"28":1,"29":0,"30":1,"31":1,"32":0,"33":0,"34":6},"f":{"0":2,"1":1,"2":2},"b":{"0":[1,1],"1":[1,1],"2":[0,1]},"_coverageSchema":"1a1c01bbd47fc00a2c39e90264f33305004495a9","hash":"574573bd94432182a8c95fca42dc4c0bd6b2892a"}
,"C:\\Users\\vitor.auricchio\\Desktop\\trabalho-api\\src\\controllers\\taskController.js": {"path":"C:\\Users\\vitor.auricchio\\Desktop\\trabalho-api\\src\\controllers\\taskController.js","statementMap":{"0":{"start":{"line":1,"column":13},"end":{"line":1,"column":38}},"1":{"start":{"line":2,"column":17},"end":{"line":2,"column":45}},"2":{"start":{"line":4,"column":19},"end":{"line":18,"column":1}},"3":{"start":{"line":5,"column":74},"end":{"line":5,"column":82}},"4":{"start":{"line":7,"column":17},"end":{"line":15,"column":6}},"5":{"start":{"line":17,"column":4},"end":{"line":17,"column":37}},"6":{"start":{"line":20,"column":16},"end":{"line":30,"column":1}},"7":{"start":{"line":21,"column":19},"end":{"line":21,"column":29}},"8":{"start":{"line":23,"column":17},"end":{"line":23,"column":40}},"9":{"start":{"line":25,"column":4},"end":{"line":27,"column":5}},"10":{"start":{"line":26,"column":8},"end":{"line":26,"column":63}},"11":{"start":{"line":29,"column":4},"end":{"line":29,"column":37}},"12":{"start":{"line":32,"column":18},"end":{"line":46,"column":1}},"13":{"start":{"line":33,"column":56},"end":{"line":33,"column":65}},"14":{"start":{"line":35,"column":20},"end":{"line":35,"column":22}},"15":{"start":{"line":37,"column":4},"end":{"line":37,"column":61}},"16":{"start":{"line":37,"column":20},"end":{"line":37,"column":61}},"17":{"start":{"line":38,"column":4},"end":{"line":38,"column":39}},"18":{"start":{"line":38,"column":16},"end":{"line":38,"column":39}},"19":{"start":{"line":39,"column":4},"end":{"line":39,"column":45}},"20":{"start":{"line":39,"column":18},"end":{"line":39,"column":45}},"21":{"start":{"line":40,"column":4},"end":{"line":40,"column":65}},"22":{"start":{"line":40,"column":19},"end":{"line":40,"column":65}},"23":{"start":{"line":43,"column":18},"end":{"line":43,"column":53}},"24":{"start":{"line":45,"column":4},"end":{"line":45,"column":38}},"25":{"start":{"line":48,"column":19},"end":{"line":68,"column":1}},"26":{"start":{"line":49,"column":19},"end":{"line":49,"column":29}},"27":{"start":{"line":51,"column":17},"end":{"line":51,"column":40}},"28":{"start":{"line":52,"column":4},"end":{"line":54,"column":5}},"29":{"start":{"line":53,"column":8},"end":{"line":53,"column":63}},"30":{"start":{"line":56,"column":74},"end":{"line":56,"column":82}},"31":{"start":{"line":58,"column":20},"end":{"line":65,"column":6}},"32":{"start":{"line":67,"column":4},"end":{"line":67,"column":40}},"33":{"start":{"line":70,"column":19},"end":{"line":85,"column":1}},"34":{"start":{"line":71,"column":19},"end":{"line":71,"column":29}},"35":{"start":{"line":73,"column":17},"end":{"line":73,"column":40}},"36":{"start":{"line":74,"column":4},"end":{"line":76,"column":5}},"37":{"start":{"line":75,"column":8},"end":{"line":75,"column":63}},"38":{"start":{"line":78,"column":4},"end":{"line":80,"column":5}},"39":{"start":{"line":79,"column":8},"end":{"line":79,"column":55}},"40":{"start":{"line":82,"column":4},"end":{"line":82,"column":25}},"41":{"start":{"line":84,"column":4},"end":{"line":84,"column":33}},"42":{"start":{"line":87,"column":0},"end":{"line":87,"column":75}}},"fnMap":{"0":{"name":"(anonymous_0)","decl":{"start":{"line":4,"column":19},"end":{"line":4,"column":20}},"loc":{"start":{"line":4,"column":45},"end":{"line":18,"column":1}},"line":4},"1":{"name":"(anonymous_1)","decl":{"start":{"line":20,"column":16},"end":{"line":20,"column":17}},"loc":{"start":{"line":20,"column":42},"end":{"line":30,"column":1}},"line":20},"2":{"name":"(anonymous_2)","decl":{"start":{"line":32,"column":18},"end":{"line":32,"column":19}},"loc":{"start":{"line":32,"column":44},"end":{"line":46,"column":1}},"line":32},"3":{"name":"(anonymous_3)","decl":{"start":{"line":48,"column":19},"end":{"line":48,"column":20}},"loc":{"start":{"line":48,"column":45},"end":{"line":68,"column":1}},"line":48},"4":{"name":"(anonymous_4)","decl":{"start":{"line":70,"column":19},"end":{"line":70,"column":20}},"loc":{"start":{"line":70,"column":45},"end":{"line":85,"column":1}},"line":70}},"branchMap":{"0":{"loc":{"start":{"line":12,"column":17},"end":{"line":12,"column":51}},"type":"cond-expr","locations":[{"start":{"line":12,"column":27},"end":{"line":12,"column":44}},{"start":{"line":12,"column":47},"end":{"line":12,"column":51}}],"line":12},"1":{"loc":{"start":{"line":13,"column":20},"end":{"line":13,"column":60}},"type":"cond-expr","locations":[{"start":{"line":13,"column":33},"end":{"line":13,"column":53}},{"start":{"line":13,"column":56},"end":{"line":13,"column":60}}],"line":13},"2":{"loc":{"start":{"line":25,"column":4},"end":{"line":27,"column":5}},"type":"if","locations":[{"start":{"line":25,"column":4},"end":{"line":27,"column":5}},{"start":{},"end":{}}],"line":25},"3":{"loc":{"start":{"line":37,"column":4},"end":{"line":37,"column":61}},"type":"if","locations":[{"start":{"line":37,"column":4},"end":{"line":37,"column":61}},{"start":{},"end":{}}],"line":37},"4":{"loc":{"start":{"line":38,"column":4},"end":{"line":38,"column":39}},"type":"if","locations":[{"start":{"line":38,"column":4},"end":{"line":38,"column":39}},{"start":{},"end":{}}],"line":38},"5":{"loc":{"start":{"line":39,"column":4},"end":{"line":39,"column":45}},"type":"if","locations":[{"start":{"line":39,"column":4},"end":{"line":39,"column":45}},{"start":{},"end":{}}],"line":39},"6":{"loc":{"start":{"line":40,"column":4},"end":{"line":40,"column":65}},"type":"if","locations":[{"start":{"line":40,"column":4},"end":{"line":40,"column":65}},{"start":{},"end":{}}],"line":40},"7":{"loc":{"start":{"line":52,"column":4},"end":{"line":54,"column":5}},"type":"if","locations":[{"start":{"line":52,"column":4},"end":{"line":54,"column":5}},{"start":{},"end":{}}],"line":52},"8":{"loc":{"start":{"line":63,"column":17},"end":{"line":63,"column":56}},"type":"cond-expr","locations":[{"start":{"line":63,"column":27},"end":{"line":63,"column":44}},{"start":{"line":63,"column":47},"end":{"line":63,"column":56}}],"line":63},"9":{"loc":{"start":{"line":64,"column":20},"end":{"line":64,"column":65}},"type":"cond-expr","locations":[{"start":{"line":64,"column":33},"end":{"line":64,"column":53}},{"start":{"line":64,"column":56},"end":{"line":64,"column":65}}],"line":64},"10":{"loc":{"start":{"line":74,"column":4},"end":{"line":76,"column":5}},"type":"if","locations":[{"start":{"line":74,"column":4},"end":{"line":76,"column":5}},{"start":{},"end":{}}],"line":74},"11":{"loc":{"start":{"line":78,"column":4},"end":{"line":80,"column":5}},"type":"if","locations":[{"start":{"line":78,"column":4},"end":{"line":80,"column":5}},{"start":{},"end":{}}],"line":78},"12":{"loc":{"start":{"line":78,"column":8},"end":{"line":78,"column":67}},"type":"binary-expr","locations":[{"start":{"line":78,"column":8},"end":{"line":78,"column":38}},{"start":{"line":78,"column":42},"end":{"line":78,"column":67}}],"line":78}},"s":{"0":6,"1":6,"2":6,"3":2,"4":2,"5":2,"6":6,"7":2,"8":2,"9":2,"10":1,"11":1,"12":6,"13":2,"14":2,"15":2,"16":0,"17":2,"18":1,"19":2,"20":0,"21":2,"22":0,"23":2,"24":2,"25":6,"26":2,"27":2,"28":2,"29":1,"30":1,"31":1,"32":1,"33":6,"34":3,"35":3,"36":3,"37":1,"38":2,"39":1,"40":1,"41":1,"42":6},"f":{"0":2,"1":2,"2":2,"3":2,"4":3},"b":{"0":[0,2],"1":[0,2],"2":[1,1],"3":[0,2],"4":[1,1],"5":[0,2],"6":[0,2],"7":[1,1],"8":[0,1],"9":[0,1],"10":[1,2],"11":[1,1],"12":[2,1]},"_coverageSchema":"1a1c01bbd47fc00a2c39e90264f33305004495a9","hash":"8a4a0f8e00d9818e20278dc1bcd13130bf77adac"}
,"C:\\Users\\vitor.auricchio\\Desktop\\trabalho-api\\src\\controllers\\userController.js": {"path":"C:\\Users\\vitor.auricchio\\Desktop\\trabalho-api\\src\\controllers\\userController.js","statementMap":{"0":{"start":{"line":1,"column":13},"end":{"line":1,"column":38}},"1":{"start":{"line":2,"column":25},"end":{"line":2,"column":49}},"2":{"start":{"line":3,"column":17},"end":{"line":3,"column":45}},"3":{"start":{"line":5,"column":19},"end":{"line":32,"column":1}},"4":{"start":{"line":6,"column":4},"end":{"line":31,"column":5}},"5":{"start":{"line":7,"column":48},"end":{"line":7,"column":56}},"6":{"start":{"line":10,"column":27},"end":{"line":10,"column":56}},"7":{"start":{"line":11,"column":8},"end":{"line":13,"column":9}},"8":{"start":{"line":12,"column":12},"end":{"line":12,"column":72}},"9":{"start":{"line":16,"column":31},"end":{"line":16,"column":59}},"10":{"start":{"line":19,"column":24},"end":{"line":24,"column":10}},"11":{"start":{"line":26,"column":8},"end":{"line":26,"column":36}},"12":{"start":{"line":28,"column":8},"end":{"line":28,"column":45}},"13":{"start":{"line":30,"column":8},"end":{"line":30,"column":19}},"14":{"start":{"line":35,"column":16},"end":{"line":53,"column":1}},"15":{"start":{"line":36,"column":4},"end":{"line":52,"column":5}},"16":{"start":{"line":37,"column":23},"end":{"line":37,"column":33}},"17":{"start":{"line":40,"column":21},"end":{"line":40,"column":44}},"18":{"start":{"line":41,"column":8},"end":{"line":43,"column":9}},"19":{"start":{"line":42,"column":12},"end":{"line":42,"column":68}},"20":{"start":{"line":46,"column":8},"end":{"line":46,"column":33}},"21":{"start":{"line":48,"column":8},"end":{"line":48,"column":42}},"22":{"start":{"line":50,"column":8},"end":{"line":50,"column":19}},"23":{"start":{"line":56,"column":19},"end":{"line":86,"column":1}},"24":{"start":{"line":57,"column":4},"end":{"line":85,"column":5}},"25":{"start":{"line":58,"column":23},"end":{"line":58,"column":33}},"26":{"start":{"line":59,"column":38},"end":{"line":59,"column":46}},"27":{"start":{"line":64,"column":8},"end":{"line":66,"column":9}},"28":{"start":{"line":65,"column":12},"end":{"line":65,"column":101}},"29":{"start":{"line":69,"column":28},"end":{"line":73,"column":10}},"30":{"start":{"line":76,"column":8},"end":{"line":78,"column":9}},"31":{"start":{"line":77,"column":12},"end":{"line":77,"column":44}},"32":{"start":{"line":81,"column":8},"end":{"line":81,"column":49}},"33":{"start":{"line":83,"column":8},"end":{"line":83,"column":19}},"34":{"start":{"line":89,"column":19},"end":{"line":109,"column":1}},"35":{"start":{"line":90,"column":4},"end":{"line":108,"column":5}},"36":{"start":{"line":91,"column":23},"end":{"line":91,"column":33}},"37":{"start":{"line":93,"column":21},"end":{"line":93,"column":44}},"38":{"start":{"line":96,"column":8},"end":{"line":98,"column":9}},"39":{"start":{"line":97,"column":12},"end":{"line":97,"column":85}},"40":{"start":{"line":102,"column":8},"end":{"line":102,"column":34}},"41":{"start":{"line":105,"column":8},"end":{"line":105,"column":38}},"42":{"start":{"line":107,"column":8},"end":{"line":107,"column":19}},"43":{"start":{"line":111,"column":0},"end":{"line":116,"column":2}}},"fnMap":{"0":{"name":"(anonymous_0)","decl":{"start":{"line":5,"column":19},"end":{"line":5,"column":20}},"loc":{"start":{"line":5,"column":45},"end":{"line":32,"column":1}},"line":5},"1":{"name":"(anonymous_1)","decl":{"start":{"line":35,"column":16},"end":{"line":35,"column":17}},"loc":{"start":{"line":35,"column":42},"end":{"line":53,"column":1}},"line":35},"2":{"name":"(anonymous_2)","decl":{"start":{"line":56,"column":19},"end":{"line":56,"column":20}},"loc":{"start":{"line":56,"column":45},"end":{"line":86,"column":1}},"line":56},"3":{"name":"(anonymous_3)","decl":{"start":{"line":89,"column":19},"end":{"line":89,"column":20}},"loc":{"start":{"line":89,"column":45},"end":{"line":109,"column":1}},"line":89}},"branchMap":{"0":{"loc":{"start":{"line":11,"column":8},"end":{"line":13,"column":9}},"type":"if","locations":[{"start":{"line":11,"column":8},"end":{"line":13,"column":9}},{"start":{},"end":{}}],"line":11},"1":{"loc":{"start":{"line":23,"column":18},"end":{"line":23,"column":32}},"type":"binary-expr","locations":[{"start":{"line":23,"column":18},"end":{"line":23,"column":22}},{"start":{"line":23,"column":26},"end":{"line":23,"column":32}}],"line":23},"2":{"loc":{"start":{"line":41,"column":8},"end":{"line":43,"column":9}},"type":"if","locations":[{"start":{"line":41,"column":8},"end":{"line":43,"column":9}},{"start":{},"end":{}}],"line":41},"3":{"loc":{"start":{"line":64,"column":8},"end":{"line":66,"column":9}},"type":"if","locations":[{"start":{"line":64,"column":8},"end":{"line":66,"column":9}},{"start":{},"end":{}}],"line":64},"4":{"loc":{"start":{"line":76,"column":8},"end":{"line":78,"column":9}},"type":"if","locations":[{"start":{"line":76,"column":8},"end":{"line":78,"column":9}},{"start":{},"end":{}}],"line":76},"5":{"loc":{"start":{"line":96,"column":8},"end":{"line":98,"column":9}},"type":"if","locations":[{"start":{"line":96,"column":8},"end":{"line":98,"column":9}},{"start":{},"end":{}}],"line":96},"6":{"loc":{"start":{"line":96,"column":12},"end":{"line":96,"column":44}},"type":"binary-expr","locations":[{"start":{"line":96,"column":12},"end":{"line":96,"column":17}},{"start":{"line":96,"column":21},"end":{"line":96,"column":44}}],"line":96}},"s":{"0":6,"1":6,"2":6,"3":6,"4":2,"5":2,"6":2,"7":2,"8":1,"9":1,"10":1,"11":1,"12":1,"13":0,"14":6,"15":2,"16":2,"17":2,"18":2,"19":1,"20":1,"21":1,"22":0,"23":6,"24":1,"25":1,"26":1,"27":1,"28":0,"29":1,"30":1,"31":1,"32":1,"33":0,"34":6,"35":2,"36":2,"37":2,"38":2,"39":1,"40":1,"41":1,"42":0,"43":6},"f":{"0":2,"1":2,"2":1,"3":2},"b":{"0":[1,1],"1":[1,0],"2":[1,1],"3":[0,1],"4":[1,0],"5":[1,1],"6":[2,1]},"_coverageSchema":"1a1c01bbd47fc00a2c39e90264f33305004495a9","hash":"dae0200e0927977b1c8ad8962dd63d7eaa50fc04"}
,"C:\\Users\\vitor.auricchio\\Desktop\\trabalho-api\\src\\middlewares\\authMiddleware.js": {"path":"C:\\Users\\vitor.auricchio\\Desktop\\trabalho-api\\src\\middlewares\\authMiddleware.js","statementMap":{"0":{"start":{"line":1,"column":12},"end":{"line":1,"column":35}},"1":{"start":{"line":3,"column":23},"end":{"line":27,"column":1}},"2":{"start":{"line":6,"column":21},"end":{"line":6,"column":46}},"3":{"start":{"line":9,"column":2},"end":{"line":11,"column":3}},"4":{"start":{"line":10,"column":4},"end":{"line":10,"column":87}},"5":{"start":{"line":14,"column":16},"end":{"line":14,"column":40}},"6":{"start":{"line":16,"column":2},"end":{"line":26,"column":3}},"7":{"start":{"line":17,"column":20},"end":{"line":17,"column":61}},"8":{"start":{"line":19,"column":4},"end":{"line":19,"column":23}},"9":{"start":{"line":22,"column":4},"end":{"line":22,"column":11}},"10":{"start":{"line":25,"column":4},"end":{"line":25,"column":74}},"11":{"start":{"line":29,"column":0},"end":{"line":29,"column":32}}},"fnMap":{"0":{"name":"(anonymous_0)","decl":{"start":{"line":3,"column":23},"end":{"line":3,"column":24}},"loc":{"start":{"line":3,"column":43},"end":{"line":27,"column":1}},"line":3}},"branchMap":{"0":{"loc":{"start":{"line":9,"column":2},"end":{"line":11,"column":3}},"type":"if","locations":[{"start":{"line":9,"column":2},"end":{"line":11,"column":3}},{"start":{},"end":{}}],"line":9},"1":{"loc":{"start":{"line":9,"column":6},"end":{"line":9,"column":54}},"type":"binary-expr","locations":[{"start":{"line":9,"column":6},"end":{"line":9,"column":17}},{"start":{"line":9,"column":21},"end":{"line":9,"column":54}}],"line":9}},"s":{"0":6,"1":6,"2":25,"3":25,"4":1,"5":24,"6":24,"7":24,"8":24,"9":24,"10":0,"11":6},"f":{"0":25},"b":{"0":[1,24],"1":[25,24]},"_coverageSchema":"1a1c01bbd47fc00a2c39e90264f33305004495a9","hash":"38b3b4bfde521872663d2fb8380caed7347bae31"}
,"C:\\Users\\vitor.auricchio\\Desktop\\trabalho-api\\src\\middlewares\\errorHandler.js": {"path":"C:\\Users\\vitor.auricchio\\Desktop\\trabalho-api\\src\\middlewares\\errorHandler.js","statementMap":{"0":{"start":{"line":1,"column":15},"end":{"line":1,"column":41}},"1":{"start":{"line":3,"column":21},"end":{"line":22,"column":1}},"2":{"start":{"line":8,"column":2},"end":{"line":8,"column":27}},"3":{"start":{"line":10,"column":2},"end":{"line":16,"column":3}},"4":{"start":{"line":12,"column":4},"end":{"line":15,"column":6}},"5":{"start":{"line":18,"column":2},"end":{"line":21,"column":4}},"6":{"start":{"line":24,"column":0},"end":{"line":24,"column":29}}},"fnMap":{"0":{"name":"(anonymous_0)","decl":{"start":{"line":3,"column":21},"end":{"line":3,"column":22}},"loc":{"start":{"line":3,"column":46},"end":{"line":22,"column":1}},"line":3}},"branchMap":{"0":{"loc":{"start":{"line":10,"column":2},"end":{"line":16,"column":3}},"type":"if","locations":[{"start":{"line":10,"column":2},"end":{"line":16,"column":3}},{"start":{},"end":{}}],"line":10}},"s":{"0":6,"1":6,"2":27,"3":27,"4":26,"5":1,"6":6},"f":{"0":27},"b":{"0":[26,1]},"_coverageSchema":"1a1c01bbd47fc00a2c39e90264f33305004495a9","hash":"114c3ba4e890b41100acd9cf2011af03e983bde4"}
,"C:\\Users\\vitor.auricchio\\Desktop\\trabalho-api\\src\\middlewares\\loginLimiter.js": {"path":"C:\\Users\\vitor.auricchio\\Desktop\\trabalho-api\\src\\middlewares\\loginLimiter.js","statementMap":{"0":{"start":{"line":1,"column":18},"end":{"line":1,"column":47}},"1":{"start":{"line":3,"column":21},"end":{"line":11,"column":2}},"2":{"start":{"line":13,"column":0},"end":{"line":13,"column":30}}},"fnMap":{},"branchMap":{"0":{"loc":{"start":{"line":5,"column":7},"end":{"line":5,"column":47}},"type":"cond-expr","locations":[{"start":{"line":5,"column":41},"end":{"line":5,"column":43}},{"start":{"line":5,"column":46},"end":{"line":5,"column":47}}],"line":5}},"s":{"0":6,"1":6,"2":6},"f":{},"b":{"0":[6,0]},"_coverageSchema":"1a1c01bbd47fc00a2c39e90264f33305004495a9","hash":"822e9809ece6a24546dc6b61030a222e1a604fe0"}
,"C:\\Users\\vitor.auricchio\\Desktop\\trabalho-api\\src\\middlewares\\roleMiddleware.js": {"path":"C:\\Users\\vitor.auricchio\\Desktop\\trabalho-api\\src\\middlewares\\roleMiddleware.js","statementMap":{"0":{"start":{"line":1,"column":23},"end":{"line":14,"column":1}},"1":{"start":{"line":2,"column":2},"end":{"line":13,"column":4}},"2":{"start":{"line":4,"column":4},"end":{"line":6,"column":5}},"3":{"start":{"line":5,"column":6},"end":{"line":5,"column":73}},"4":{"start":{"line":8,"column":4},"end":{"line":10,"column":5}},"5":{"start":{"line":9,"column":6},"end":{"line":9,"column":90}},"6":{"start":{"line":12,"column":4},"end":{"line":12,"column":11}},"7":{"start":{"line":16,"column":16},"end":{"line":28,"column":1}},"8":{"start":{"line":18,"column":2},"end":{"line":20,"column":3}},"9":{"start":{"line":19,"column":4},"end":{"line":19,"column":71}},"10":{"start":{"line":23,"column":2},"end":{"line":25,"column":3}},"11":{"start":{"line":24,"column":4},"end":{"line":24,"column":110}},"12":{"start":{"line":27,"column":2},"end":{"line":27,"column":9}},"13":{"start":{"line":30,"column":0},"end":{"line":30,"column":45}}},"fnMap":{"0":{"name":"(anonymous_0)","decl":{"start":{"line":1,"column":23},"end":{"line":1,"column":24}},"loc":{"start":{"line":1,"column":41},"end":{"line":14,"column":1}},"line":1},"1":{"name":"(anonymous_1)","decl":{"start":{"line":2,"column":9},"end":{"line":2,"column":10}},"loc":{"start":{"line":2,"column":29},"end":{"line":13,"column":3}},"line":2},"2":{"name":"(anonymous_2)","decl":{"start":{"line":16,"column":16},"end":{"line":16,"column":17}},"loc":{"start":{"line":16,"column":36},"end":{"line":28,"column":1}},"line":16}},"branchMap":{"0":{"loc":{"start":{"line":4,"column":4},"end":{"line":6,"column":5}},"type":"if","locations":[{"start":{"line":4,"column":4},"end":{"line":6,"column":5}},{"start":{},"end":{}}],"line":4},"1":{"loc":{"start":{"line":8,"column":4},"end":{"line":10,"column":5}},"type":"if","locations":[{"start":{"line":8,"column":4},"end":{"line":10,"column":5}},{"start":{},"end":{}}],"line":8},"2":{"loc":{"start":{"line":18,"column":2},"end":{"line":20,"column":3}},"type":"if","locations":[{"start":{"line":18,"column":2},"end":{"line":20,"column":3}},{"start":{},"end":{}}],"line":18},"3":{"loc":{"start":{"line":23,"column":2},"end":{"line":25,"column":3}},"type":"if","locations":[{"start":{"line":23,"column":2},"end":{"line":25,"column":3}},{"start":{},"end":{}}],"line":23}},"s":{"0":6,"1":0,"2":0,"3":0,"4":0,"5":0,"6":0,"7":6,"8":5,"9":0,"10":5,"11":0,"12":5,"13":6},"f":{"0":0,"1":0,"2":5},"b":{"0":[0,0],"1":[0,0],"2":[0,5],"3":[0,5]},"_coverageSchema":"1a1c01bbd47fc00a2c39e90264f33305004495a9","hash":"ccb13eb61a0f83f97bb33229f8c35548ed5495bb"}
,"C:\\Users\\vitor.auricchio\\Desktop\\trabalho-api\\src\\middlewares\\validators\\userValidator.js": {"path":"C:\\Users\\vitor.auricchio\\Desktop\\trabalho-api\\src\\middlewares\\validators\\userValidator.js","statementMap":{"0":{"start":{"line":1,"column":27},"end":{"line":28,"column":1}},"1":{"start":{"line":2,"column":38},"end":{"line":2,"column":46}},"2":{"start":{"line":5,"column":4},"end":{"line":7,"column":5}},"3":{"start":{"line":6,"column":8},"end":{"line":6,"column":79}},"4":{"start":{"line":9,"column":4},"end":{"line":11,"column":5}},"5":{"start":{"line":10,"column":8},"end":{"line":10,"column":74}},"6":{"start":{"line":13,"column":4},"end":{"line":15,"column":5}},"7":{"start":{"line":14,"column":8},"end":{"line":14,"column":74}},"8":{"start":{"line":17,"column":4},"end":{"line":19,"column":5}},"9":{"start":{"line":18,"column":8},"end":{"line":18,"column":107}},"10":{"start":{"line":22,"column":4},"end":{"line":24,"column":5}},"11":{"start":{"line":23,"column":8},"end":{"line":23,"column":96}},"12":{"start":{"line":27,"column":4},"end":{"line":27,"column":11}},"13":{"start":{"line":30,"column":0},"end":{"line":32,"column":2}}},"fnMap":{"0":{"name":"(anonymous_0)","decl":{"start":{"line":1,"column":27},"end":{"line":1,"column":28}},"loc":{"start":{"line":1,"column":47},"end":{"line":28,"column":1}},"line":1}},"branchMap":{"0":{"loc":{"start":{"line":5,"column":4},"end":{"line":7,"column":5}},"type":"if","locations":[{"start":{"line":5,"column":4},"end":{"line":7,"column":5}},{"start":{},"end":{}}],"line":5},"1":{"loc":{"start":{"line":5,"column":8},"end":{"line":5,"column":35}},"type":"binary-expr","locations":[{"start":{"line":5,"column":8},"end":{"line":5,"column":13}},{"start":{"line":5,"column":17},"end":{"line":5,"column":35}}],"line":5},"2":{"loc":{"start":{"line":9,"column":4},"end":{"line":11,"column":5}},"type":"if","locations":[{"start":{"line":9,"column":4},"end":{"line":11,"column":5}},{"start":{},"end":{}}],"line":9},"3":{"loc":{"start":{"line":9,"column":8},"end":{"line":9,"column":89}},"type":"binary-expr","locations":[{"start":{"line":9,"column":8},"end":{"line":9,"column":29}},{"start":{"line":9,"column":34},"end":{"line":9,"column":40}},{"start":{"line":9,"column":44},"end":{"line":9,"column":64}},{"start":{"line":9,"column":68},"end":{"line":9,"column":88}}],"line":9},"4":{"loc":{"start":{"line":13,"column":4},"end":{"line":15,"column":5}},"type":"if","locations":[{"start":{"line":13,"column":4},"end":{"line":15,"column":5}},{"start":{},"end":{}}],"line":13},"5":{"loc":{"start":{"line":13,"column":8},"end":{"line":13,"column":87}},"type":"binary-expr","locations":[{"start":{"line":13,"column":8},"end":{"line":13,"column":28}},{"start":{"line":13,"column":32},"end":{"line":13,"column":37}},{"start":{"line":13,"column":42},"end":{"line":13,"column":62}},{"start":{"line":13,"column":66},"end":{"line":13,"column":86}}],"line":13},"6":{"loc":{"start":{"line":17,"column":4},"end":{"line":19,"column":5}},"type":"if","locations":[{"start":{"line":17,"column":4},"end":{"line":19,"column":5}},{"start":{},"end":{}}],"line":17},"7":{"loc":{"start":{"line":17,"column":8},"end":{"line":17,"column":67}},"type":"binary-expr","locations":[{"start":{"line":17,"column":8},"end":{"line":17,"column":29}},{"start":{"line":17,"column":34},"end":{"line":17,"column":43}},{"start":{"line":17,"column":47},"end":{"line":17,"column":66}}],"line":17},"8":{"loc":{"start":{"line":22,"column":4},"end":{"line":24,"column":5}},"type":"if","locations":[{"start":{"line":22,"column":4},"end":{"line":24,"column":5}},{"start":{},"end":{}}],"line":22},"9":{"loc":{"start":{"line":22,"column":8},"end":{"line":22,"column":63}},"type":"binary-expr","locations":[{"start":{"line":22,"column":8},"end":{"line":22,"column":28}},{"start":{"line":22,"column":32},"end":{"line":22,"column":40}},{"start":{"line":22,"column":44},"end":{"line":22,"column":63}}],"line":22}},"s":{"0":6,"1":4,"2":4,"3":1,"4":3,"5":0,"6":3,"7":0,"8":3,"9":0,"10":3,"11":0,"12":3,"13":6},"f":{"0":4},"b":{"0":[1,3],"1":[4,3],"2":[0,3],"3":[3,2,2,2],"4":[0,3],"5":[3,1,0,0],"6":[0,3],"7":[3,2,2],"8":[0,3],"9":[3,1,0]},"_coverageSchema":"1a1c01bbd47fc00a2c39e90264f33305004495a9","hash":"761286e2665a0f61a398b98596ea76ae553a6f04"}
,"C:\\Users\\vitor.auricchio\\Desktop\\trabalho-api\\src\\models\\Comment.js": {"path":"C:\\Users\\vitor.auricchio\\Desktop\\trabalho-api\\src\\models\\Comment.js","statementMap":{"0":{"start":{"line":1,"column":15},"end":{"line":1,"column":42}},"1":{"start":{"line":4,"column":15},"end":{"line":8,"column":1}},"2":{"start":{"line":5,"column":4},"end":{"line":7,"column":7}},"3":{"start":{"line":11,"column":21},"end":{"line":27,"column":1}},"4":{"start":{"line":12,"column":4},"end":{"line":26,"column":7}},"5":{"start":{"line":30,"column":17},"end":{"line":36,"column":1}},"6":{"start":{"line":31,"column":4},"end":{"line":35,"column":7}},"7":{"start":{"line":39,"column":15},"end":{"line":45,"column":1}},"8":{"start":{"line":40,"column":4},"end":{"line":44,"column":7}},"9":{"start":{"line":47,"column":0},"end":{"line":52,"column":2}}},"fnMap":{"0":{"name":"(anonymous_0)","decl":{"start":{"line":4,"column":15},"end":{"line":4,"column":16}},"loc":{"start":{"line":4,"column":31},"end":{"line":8,"column":1}},"line":4},"1":{"name":"(anonymous_1)","decl":{"start":{"line":11,"column":21},"end":{"line":11,"column":22}},"loc":{"start":{"line":11,"column":39},"end":{"line":27,"column":1}},"line":11},"2":{"name":"(anonymous_2)","decl":{"start":{"line":30,"column":17},"end":{"line":30,"column":18}},"loc":{"start":{"line":30,"column":31},"end":{"line":36,"column":1}},"line":30},"3":{"name":"(anonymous_3)","decl":{"start":{"line":39,"column":15},"end":{"line":39,"column":16}},"loc":{"start":{"line":39,"column":29},"end":{"line":45,"column":1}},"line":39}},"branchMap":{},"s":{"0":6,"1":6,"2":1,"3":6,"4":1,"5":6,"6":2,"7":6,"8":1,"9":6},"f":{"0":1,"1":1,"2":2,"3":1},"b":{},"_coverageSchema":"1a1c01bbd47fc00a2c39e90264f33305004495a9","hash":"05451f839da1fc9c707b568f75a60f41bd522090"}
,"C:\\Users\\vitor.auricchio\\Desktop\\trabalho-api\\src\\models\\Task.js": {"path":"C:\\Users\\vitor.auricchio\\Desktop\\trabalho-api\\src\\models\\Task.js","statementMap":{"0":{"start":{"line":1,"column":15},"end":{"line":1,"column":42}},"1":{"start":{"line":3,"column":13},"end":{"line":44,"column":1}},"2":{"start":{"line":5,"column":8},"end":{"line":7,"column":10}},"3":{"start":{"line":11,"column":8},"end":{"line":15,"column":10}},"4":{"start":{"line":19,"column":8},"end":{"line":23,"column":10}},"5":{"start":{"line":27,"column":8},"end":{"line":30,"column":10}},"6":{"start":{"line":34,"column":8},"end":{"line":36,"column":10}},"7":{"start":{"line":40,"column":8},"end":{"line":42,"column":10}},"8":{"start":{"line":46,"column":0},"end":{"line":46,"column":21}}},"fnMap":{"0":{"name":"(anonymous_0)","decl":{"start":{"line":4,"column":12},"end":{"line":4,"column":13}},"loc":{"start":{"line":4,"column":28},"end":{"line":8,"column":5}},"line":4},"1":{"name":"(anonymous_1)","decl":{"start":{"line":10,"column":14},"end":{"line":10,"column":15}},"loc":{"start":{"line":10,"column":28},"end":{"line":16,"column":5}},"line":10},"2":{"name":"(anonymous_2)","decl":{"start":{"line":18,"column":24},"end":{"line":18,"column":25}},"loc":{"start":{"line":18,"column":42},"end":{"line":24,"column":5}},"line":18},"3":{"name":"(anonymous_3)","decl":{"start":{"line":26,"column":12},"end":{"line":26,"column":13}},"loc":{"start":{"line":26,"column":32},"end":{"line":31,"column":5}},"line":26},"4":{"name":"(anonymous_4)","decl":{"start":{"line":33,"column":12},"end":{"line":33,"column":13}},"loc":{"start":{"line":33,"column":26},"end":{"line":37,"column":5}},"line":33},"5":{"name":"(anonymous_5)","decl":{"start":{"line":39,"column":21},"end":{"line":39,"column":22}},"loc":{"start":{"line":39,"column":40},"end":{"line":43,"column":5}},"line":39}},"branchMap":{},"s":{"0":6,"1":6,"2":2,"3":7,"4":0,"5":1,"6":1,"7":2,"8":6},"f":{"0":2,"1":7,"2":0,"3":1,"4":1,"5":2},"b":{},"_coverageSchema":"1a1c01bbd47fc00a2c39e90264f33305004495a9","hash":"c6395d615446a42026796e5ee727b7f8693a2f94"}
,"C:\\Users\\vitor.auricchio\\Desktop\\trabalho-api\\src\\models\\User.js": {"path":"C:\\Users\\vitor.auricchio\\Desktop\\trabalho-api\\src\\models\\User.js","statementMap":{"0":{"start":{"line":1,"column":15},"end":{"line":1,"column":42}},"1":{"start":{"line":3,"column":13},"end":{"line":48,"column":1}},"2":{"start":{"line":6,"column":8},"end":{"line":8,"column":11}},"3":{"start":{"line":13,"column":8},"end":{"line":18,"column":11}},"4":{"start":{"line":23,"column":8},"end":{"line":28,"column":11}},"5":{"start":{"line":33,"column":8},"end":{"line":36,"column":11}},"6":{"start":{"line":41,"column":8},"end":{"line":46,"column":11}},"7":{"start":{"line":50,"column":0},"end":{"line":50,"column":22}}},"fnMap":{"0":{"name":"(anonymous_0)","decl":{"start":{"line":5,"column":12},"end":{"line":5,"column":13}},"loc":{"start":{"line":5,"column":28},"end":{"line":9,"column":5}},"line":5},"1":{"name":"(anonymous_1)","decl":{"start":{"line":12,"column":14},"end":{"line":12,"column":15}},"loc":{"start":{"line":12,"column":28},"end":{"line":19,"column":5}},"line":12},"2":{"name":"(anonymous_2)","decl":{"start":{"line":22,"column":17},"end":{"line":22,"column":18}},"loc":{"start":{"line":22,"column":34},"end":{"line":29,"column":5}},"line":22},"3":{"name":"(anonymous_3)","decl":{"start":{"line":32,"column":12},"end":{"line":32,"column":13}},"loc":{"start":{"line":32,"column":32},"end":{"line":37,"column":5}},"line":32},"4":{"name":"(anonymous_4)","decl":{"start":{"line":40,"column":16},"end":{"line":40,"column":17}},"loc":{"start":{"line":40,"column":30},"end":{"line":47,"column":5}},"line":40}},"branchMap":{},"s":{"0":5,"1":5,"2":1,"3":4,"4":15,"5":1,"6":1,"7":5},"f":{"0":1,"1":4,"2":15,"3":1,"4":1},"b":{},"_coverageSchema":"1a1c01bbd47fc00a2c39e90264f33305004495a9","hash":"af432f193feb9d6f977537b84aec91dd0adb2a3b"}
,"C:\\Users\\vitor.auricchio\\Desktop\\trabalho-api\\src\\routes\\authRoutes.js": {"path":"C:\\Users\\vitor.auricchio\\Desktop\\trabalho-api\\src\\routes\\authRoutes.js","statementMap":{"0":{"start":{"line":1,"column":16},"end":{"line":1,"column":34}},"1":{"start":{"line":2,"column":23},"end":{"line":2,"column":63}},"2":{"start":{"line":3,"column":21},"end":{"line":3,"column":59}},"3":{"start":{"line":5,"column":15},"end":{"line":5,"column":31}},"4":{"start":{"line":48,"column":0},"end":{"line":48,"column":58}},"5":{"start":{"line":61,"column":0},"end":{"line":61,"column":46}},"6":{"start":{"line":63,"column":0},"end":{"line":63,"column":24}}},"fnMap":{},"branchMap":{},"s":{"0":6,"1":6,"2":6,"3":6,"4":6,"5":6,"6":6},"f":{},"b":{},"_coverageSchema":"1a1c01bbd47fc00a2c39e90264f33305004495a9","hash":"7092a44c2c1628ebbdfab2a32421a637ac1bd60d"}
,"C:\\Users\\vitor.auricchio\\Desktop\\trabalho-api\\src\\routes\\taskRoutes.js": {"path":"C:\\Users\\vitor.auricchio\\Desktop\\trabalho-api\\src\\routes\\taskRoutes.js","statementMap":{"0":{"start":{"line":1,"column":16},"end":{"line":1,"column":34}},"1":{"start":{"line":2,"column":15},"end":{"line":2,"column":31}},"2":{"start":{"line":3,"column":26},"end":{"line":3,"column":69}},"3":{"start":{"line":4,"column":23},"end":{"line":4,"column":63}},"4":{"start":{"line":5,"column":23},"end":{"line":5,"column":63}},"5":{"start":{"line":58,"column":0},"end":{"line":58,"column":59}},"6":{"start":{"line":96,"column":0},"end":{"line":96,"column":57}},"7":{"start":{"line":121,"column":0},"end":{"line":121,"column":58}},"8":{"start":{"line":166,"column":0},"end":{"line":166,"column":61}},"9":{"start":{"line":193,"column":0},"end":{"line":193,"column":64}},"10":{"start":{"line":230,"column":0},"end":{"line":230,"column":79}},"11":{"start":{"line":253,"column":0},"end":{"line":253,"column":80}},"12":{"start":{"line":286,"column":0},"end":{"line":286,"column":95}},"13":{"start":{"line":288,"column":0},"end":{"line":288,"column":23}}},"fnMap":{},"branchMap":{},"s":{"0":6,"1":6,"2":6,"3":6,"4":6,"5":6,"6":6,"7":6,"8":6,"9":6,"10":6,"11":6,"12":6,"13":6},"f":{},"b":{},"_coverageSchema":"1a1c01bbd47fc00a2c39e90264f33305004495a9","hash":"c5f2bfe4bbadefd0626c7410c5c29aa0bf8ab6da"}
,"C:\\Users\\vitor.auricchio\\Desktop\\trabalho-api\\src\\routes\\userRoutes.js": {"path":"C:\\Users\\vitor.auricchio\\Desktop\\trabalho-api\\src\\routes\\userRoutes.js","statementMap":{"0":{"start":{"line":1,"column":16},"end":{"line":1,"column":34}},"1":{"start":{"line":2,"column":15},"end":{"line":2,"column":31}},"2":{"start":{"line":3,"column":23},"end":{"line":3,"column":63}},"3":{"start":{"line":4,"column":31},"end":{"line":4,"column":81}},"4":{"start":{"line":6,"column":20},"end":{"line":6,"column":60}},"5":{"start":{"line":7,"column":20},"end":{"line":7,"column":60}},"6":{"start":{"line":56,"column":0},"end":{"line":56,"column":86}},"7":{"start":{"line":82,"column":0},"end":{"line":82,"column":56}},"8":{"start":{"line":124,"column":0},"end":{"line":124,"column":79}},"9":{"start":{"line":148,"column":0},"end":{"line":148,"column":71}},"10":{"start":{"line":150,"column":0},"end":{"line":150,"column":24}}},"fnMap":{},"branchMap":{},"s":{"0":6,"1":6,"2":6,"3":6,"4":6,"5":6,"6":6,"7":6,"8":6,"9":6,"10":6},"f":{},"b":{},"_coverageSchema":"1a1c01bbd47fc00a2c39e90264f33305004495a9","hash":"a5b28822a6221dea59eb4a84b4476a0f5d96746f"}
,"C:\\Users\\vitor.auricchio\\Desktop\\trabalho-api\\src\\utils\\AppError.js": {"path":"C:\\Users\\vitor.auricchio\\Desktop\\trabalho-api\\src\\utils\\AppError.js","statementMap":{"0":{"start":{"line":4,"column":4},"end":{"line":4,"column":18}},"1":{"start":{"line":5,"column":4},"end":{"line":5,"column":32}},"2":{"start":{"line":6,"column":4},"end":{"line":6,"column":29}},"3":{"start":{"line":10,"column":0},"end":{"line":10,"column":25}}},"fnMap":{"0":{"name":"(anonymous_0)","decl":{"start":{"line":3,"column":2},"end":{"line":3,"column":3}},"loc":{"start":{"line":3,"column":35},"end":{"line":7,"column":3}},"line":3}},"branchMap":{},"s":{"0":26,"1":26,"2":26,"3":6},"f":{"0":26},"b":{},"_coverageSchema":"1a1c01bbd47fc00a2c39e90264f33305004495a9","hash":"42926e0a44bff744fe58fa953cc8b923585b13d1"}
,"C:\\Users\\vitor.auricchio\\Desktop\\trabalho-api\\src\\utils\\auth.js": {"path":"C:\\Users\\vitor.auricchio\\Desktop\\trabalho-api\\src\\utils\\auth.js","statementMap":{"0":{"start":{"line":1,"column":15},"end":{"line":1,"column":32}},"1":{"start":{"line":2,"column":12},"end":{"line":2,"column":35}},"2":{"start":{"line":4,"column":21},"end":{"line":8,"column":1}},"3":{"start":{"line":6,"column":23},"end":{"line":6,"column":25}},"4":{"start":{"line":7,"column":4},"end":{"line":7,"column":51}},"5":{"start":{"line":12,"column":24},"end":{"line":14,"column":1}},"6":{"start":{"line":13,"column":4},"end":{"line":13,"column":48}},"7":{"start":{"line":16,"column":22},"end":{"line":27,"column":1}},"8":{"start":{"line":18,"column":20},"end":{"line":21,"column":5}},"9":{"start":{"line":24,"column":4},"end":{"line":26,"column":7}},"10":{"start":{"line":29,"column":0},"end":{"line":33,"column":2}}},"fnMap":{"0":{"name":"(anonymous_0)","decl":{"start":{"line":4,"column":21},"end":{"line":4,"column":22}},"loc":{"start":{"line":4,"column":41},"end":{"line":8,"column":1}},"line":4},"1":{"name":"(anonymous_1)","decl":{"start":{"line":12,"column":24},"end":{"line":12,"column":25}},"loc":{"start":{"line":12,"column":50},"end":{"line":14,"column":1}},"line":12},"2":{"name":"(anonymous_2)","decl":{"start":{"line":16,"column":22},"end":{"line":16,"column":23}},"loc":{"start":{"line":16,"column":32},"end":{"line":27,"column":1}},"line":16}},"branchMap":{"0":{"loc":{"start":{"line":25,"column":19},"end":{"line":25,"column":53}},"type":"binary-expr","locations":[{"start":{"line":25,"column":19},"end":{"line":25,"column":45}},{"start":{"line":25,"column":49},"end":{"line":25,"column":53}}],"line":25}},"s":{"0":6,"1":6,"2":6,"3":2,"4":2,"5":6,"6":21,"7":6,"8":5,"9":5,"10":6},"f":{"0":2,"1":21,"2":5},"b":{"0":[5,0]},"_coverageSchema":"1a1c01bbd47fc00a2c39e90264f33305004495a9","hash":"f50fb24737e5ce61cd9526fce168d7a50bbee9a6"}
,"C:\\Users\\vitor.auricchio\\Desktop\\trabalho-api\\src\\utils\\logger.js": {"path":"C:\\Users\\vitor.auricchio\\Desktop\\trabalho-api\\src\\utils\\logger.js","statementMap":{"0":{"start":{"line":1,"column":16},"end":{"line":1,"column":34}},"1":{"start":{"line":3,"column":15},"end":{"line":14,"column":2}},"2":{"start":{"line":16,"column":0},"end":{"line":16,"column":23}}},"fnMap":{},"branchMap":{},"s":{"0":6,"1":6,"2":6},"f":{},"b":{},"_coverageSchema":"1a1c01bbd47fc00a2c39e90264f33305004495a9","hash":"7b28c8a8ecf229506906957f75e75e13f2b4e635"}
}
