TN:
SF:src\app.js
FN:20,(anonymous_0)
FNF:1
FNH:1
FNDA:1,(anonymous_0)
DA:1,6
DA:2,6
DA:3,6
DA:4,6
DA:5,6
DA:6,6
DA:7,6
DA:8,6
DA:10,6
DA:12,6
DA:14,6
DA:16,6
DA:17,6
DA:18,6
DA:20,6
DA:21,1
DA:24,6
DA:26,6
LF:18
LH:18
BRF:0
BRH:0
end_of_record
TN:
SF:src\config\prisma.js
FNF:0
FNH:0
DA:1,6
DA:2,6
DA:3,6
LF:3
LH:3
BRF:0
BRH:0
end_of_record
TN:
SF:src\config\swagger.js
FNF:0
FNH:0
DA:1,6
DA:3,6
DA:39,6
LF:3
LH:3
BRF:0
BRH:0
end_of_record
TN:
SF:src\controllers\authController.js
FN:7,(anonymous_0)
FN:46,(anonymous_1)
FNF:2
FNH:2
FNDA:23,(anonymous_0)
FNDA:2,(anonymous_1)
DA:1,6
DA:2,6
DA:4,6
DA:7,6
DA:8,23
DA:10,23
DA:13,23
DA:15,23
DA:16,2
DA:19,21
DA:21,21
DA:22,16
DA:26,5
DA:28,5
DA:40,0
DA:46,6
DA:50,2
DA:53,6
LF:18
LH:17
BRDA:15,0,0,2
BRDA:15,0,1,21
BRDA:21,1,0,16
BRDA:21,1,1,5
BRF:4
BRH:4
end_of_record
TN:
SF:src\controllers\commentController.js
FN:4,(anonymous_0)
FN:33,(anonymous_1)
FN:48,(anonymous_2)
FNF:3
FNH:3
FNDA:2,(anonymous_0)
FNDA:1,(anonymous_1)
FNDA:2,(anonymous_2)
DA:1,6
DA:2,6
DA:4,6
DA:5,2
DA:6,2
DA:7,2
DA:9,2
DA:11,2
DA:15,2
DA:16,1
DA:19,1
DA:26,1
DA:28,0
DA:29,0
DA:33,6
DA:34,1
DA:35,1
DA:38,1
DA:40,1
DA:42,0
DA:43,0
DA:48,6
DA:49,2
DA:51,2
DA:52,2
DA:56,2
DA:58,2
DA:59,1
DA:62,1
DA:63,0
DA:66,1
DA:69,1
DA:71,0
DA:72,0
DA:76,6
LF:35
LH:28
BRDA:15,0,0,1
BRDA:15,0,1,1
BRDA:58,1,0,1
BRDA:58,1,1,1
BRDA:62,2,0,0
BRDA:62,2,1,1
BRF:6
BRH:5
end_of_record
TN:
SF:src\controllers\taskController.js
FN:4,(anonymous_0)
FN:20,(anonymous_1)
FN:32,(anonymous_2)
FN:48,(anonymous_3)
FN:70,(anonymous_4)
FNF:5
FNH:5
FNDA:2,(anonymous_0)
FNDA:2,(anonymous_1)
FNDA:2,(anonymous_2)
FNDA:2,(anonymous_3)
FNDA:3,(anonymous_4)
DA:1,6
DA:2,6
DA:4,6
DA:5,2
DA:7,2
DA:17,2
DA:20,6
DA:21,2
DA:23,2
DA:25,2
DA:26,1
DA:29,1
DA:32,6
DA:33,2
DA:35,2
DA:37,2
DA:38,2
DA:39,2
DA:40,2
DA:43,2
DA:45,2
DA:48,6
DA:49,2
DA:51,2
DA:52,2
DA:53,1
DA:56,1
DA:58,1
DA:67,1
DA:70,6
DA:71,3
DA:73,3
DA:74,3
DA:75,1
DA:78,2
DA:79,1
DA:82,1
DA:84,1
DA:87,6
LF:39
LH:39
BRDA:12,0,0,0
BRDA:12,0,1,2
BRDA:13,1,0,0
BRDA:13,1,1,2
BRDA:25,2,0,1
BRDA:25,2,1,1
BRDA:37,3,0,0
BRDA:37,3,1,2
BRDA:38,4,0,1
BRDA:38,4,1,1
BRDA:39,5,0,0
BRDA:39,5,1,2
BRDA:40,6,0,0
BRDA:40,6,1,2
BRDA:52,7,0,1
BRDA:52,7,1,1
BRDA:63,8,0,0
BRDA:63,8,1,1
BRDA:64,9,0,0
BRDA:64,9,1,1
BRDA:74,10,0,1
BRDA:74,10,1,2
BRDA:78,11,0,1
BRDA:78,11,1,1
BRDA:78,12,0,2
BRDA:78,12,1,1
BRF:26
BRH:19
end_of_record
TN:
SF:src\controllers\userController.js
FN:5,(anonymous_0)
FN:35,(anonymous_1)
FN:56,(anonymous_2)
FN:89,(anonymous_3)
FNF:4
FNH:4
FNDA:2,(anonymous_0)
FNDA:2,(anonymous_1)
FNDA:1,(anonymous_2)
FNDA:2,(anonymous_3)
DA:1,6
DA:2,6
DA:3,6
DA:5,6
DA:6,2
DA:7,2
DA:10,2
DA:11,2
DA:12,1
DA:16,1
DA:19,1
DA:26,1
DA:28,1
DA:30,0
DA:35,6
DA:36,2
DA:37,2
DA:40,2
DA:41,2
DA:42,1
DA:46,1
DA:48,1
DA:50,0
DA:56,6
DA:57,1
DA:58,1
DA:59,1
DA:64,1
DA:65,0
DA:69,1
DA:76,1
DA:77,1
DA:81,1
DA:83,0
DA:89,6
DA:90,2
DA:91,2
DA:93,2
DA:96,2
DA:97,1
DA:102,1
DA:105,1
DA:107,0
DA:111,6
LF:44
LH:39
BRDA:11,0,0,1
BRDA:11,0,1,1
BRDA:23,1,0,1
BRDA:23,1,1,0
BRDA:41,2,0,1
BRDA:41,2,1,1
BRDA:64,3,0,0
BRDA:64,3,1,1
BRDA:76,4,0,1
BRDA:76,4,1,0
BRDA:96,5,0,1
BRDA:96,5,1,1
BRDA:96,6,0,2
BRDA:96,6,1,1
BRF:14
BRH:11
end_of_record
TN:
SF:src\middlewares\authMiddleware.js
FN:3,(anonymous_0)
FNF:1
FNH:1
FNDA:25,(anonymous_0)
DA:1,6
DA:3,6
DA:6,25
DA:9,25
DA:10,1
DA:14,24
DA:16,24
DA:17,24
DA:19,24
DA:22,24
DA:25,0
DA:29,6
LF:12
LH:11
BRDA:9,0,0,1
BRDA:9,0,1,24
BRDA:9,1,0,25
BRDA:9,1,1,24
BRF:4
BRH:4
end_of_record
TN:
SF:src\middlewares\errorHandler.js
FN:3,(anonymous_0)
FNF:1
FNH:1
FNDA:27,(anonymous_0)
DA:1,6
DA:3,6
DA:8,27
DA:10,27
DA:12,26
DA:18,1
DA:24,6
LF:7
LH:7
BRDA:10,0,0,26
BRDA:10,0,1,1
BRF:2
BRH:2
end_of_record
TN:
SF:src\middlewares\loginLimiter.js
FNF:0
FNH:0
DA:1,6
DA:3,6
DA:13,6
LF:3
LH:3
BRDA:5,0,0,6
BRDA:5,0,1,0
BRF:2
BRH:1
end_of_record
TN:
SF:src\middlewares\roleMiddleware.js
FN:1,(anonymous_0)
FN:2,(anonymous_1)
FN:16,(anonymous_2)
FNF:3
FNH:1
FNDA:0,(anonymous_0)
FNDA:0,(anonymous_1)
FNDA:5,(anonymous_2)
DA:1,6
DA:2,0
DA:4,0
DA:5,0
DA:8,0
DA:9,0
DA:12,0
DA:16,6
DA:18,5
DA:19,0
DA:23,5
DA:24,0
DA:27,5
DA:30,6
LF:14
LH:6
BRDA:4,0,0,0
BRDA:4,0,1,0
BRDA:8,1,0,0
BRDA:8,1,1,0
BRDA:18,2,0,0
BRDA:18,2,1,5
BRDA:23,3,0,0
BRDA:23,3,1,5
BRF:8
BRH:2
end_of_record
TN:
SF:src\middlewares\validators\userValidator.js
FN:1,(anonymous_0)
FNF:1
FNH:1
FNDA:4,(anonymous_0)
DA:1,6
DA:2,4
DA:5,4
DA:6,1
DA:9,3
DA:10,0
DA:13,3
DA:14,0
DA:17,3
DA:18,0
DA:22,3
DA:23,0
DA:27,3
DA:30,6
LF:14
LH:10
BRDA:5,0,0,1
BRDA:5,0,1,3
BRDA:5,1,0,4
BRDA:5,1,1,3
BRDA:9,2,0,0
BRDA:9,2,1,3
BRDA:9,3,0,3
BRDA:9,3,1,2
BRDA:9,3,2,2
BRDA:9,3,3,2
BRDA:13,4,0,0
BRDA:13,4,1,3
BRDA:13,5,0,3
BRDA:13,5,1,1
BRDA:13,5,2,0
BRDA:13,5,3,0
BRDA:17,6,0,0
BRDA:17,6,1,3
BRDA:17,7,0,3
BRDA:17,7,1,2
BRDA:17,7,2,2
BRDA:22,8,0,0
BRDA:22,8,1,3
BRDA:22,9,0,3
BRDA:22,9,1,1
BRDA:22,9,2,0
BRF:26
BRH:19
end_of_record
TN:
SF:src\models\Comment.js
FN:4,(anonymous_0)
FN:11,(anonymous_1)
FN:30,(anonymous_2)
FN:39,(anonymous_3)
FNF:4
FNH:4
FNDA:1,(anonymous_0)
FNDA:1,(anonymous_1)
FNDA:2,(anonymous_2)
FNDA:1,(anonymous_3)
DA:1,6
DA:4,6
DA:5,1
DA:11,6
DA:12,1
DA:30,6
DA:31,2
DA:39,6
DA:40,1
DA:47,6
LF:10
LH:10
BRF:0
BRH:0
end_of_record
TN:
SF:src\models\Task.js
FN:4,(anonymous_0)
FN:10,(anonymous_1)
FN:18,(anonymous_2)
FN:26,(anonymous_3)
FN:33,(anonymous_4)
FN:39,(anonymous_5)
FNF:6
FNH:5
FNDA:2,(anonymous_0)
FNDA:7,(anonymous_1)
FNDA:0,(anonymous_2)
FNDA:1,(anonymous_3)
FNDA:1,(anonymous_4)
FNDA:2,(anonymous_5)
DA:1,6
DA:3,6
DA:5,2
DA:11,7
DA:19,0
DA:27,1
DA:34,1
DA:40,2
DA:46,6
LF:9
LH:8
BRF:0
BRH:0
end_of_record
TN:
SF:src\models\User.js
FN:5,(anonymous_0)
FN:12,(anonymous_1)
FN:22,(anonymous_2)
FN:32,(anonymous_3)
FN:40,(anonymous_4)
FNF:5
FNH:5
FNDA:1,(anonymous_0)
FNDA:4,(anonymous_1)
FNDA:15,(anonymous_2)
FNDA:1,(anonymous_3)
FNDA:1,(anonymous_4)
DA:1,5
DA:3,5
DA:6,1
DA:13,4
DA:23,15
DA:33,1
DA:41,1
DA:50,5
LF:8
LH:8
BRF:0
BRH:0
end_of_record
TN:
SF:src\routes\authRoutes.js
FNF:0
FNH:0
DA:1,6
DA:2,6
DA:3,6
DA:5,6
DA:48,6
DA:61,6
DA:63,6
LF:7
LH:7
BRF:0
BRH:0
end_of_record
TN:
SF:src\routes\taskRoutes.js
FNF:0
FNH:0
DA:1,6
DA:2,6
DA:3,6
DA:4,6
DA:5,6
DA:58,6
DA:96,6
DA:121,6
DA:166,6
DA:193,6
DA:230,6
DA:253,6
DA:286,6
DA:288,6
LF:14
LH:14
BRF:0
BRH:0
end_of_record
TN:
SF:src\routes\userRoutes.js
FNF:0
FNH:0
DA:1,6
DA:2,6
DA:3,6
DA:4,6
DA:6,6
DA:7,6
DA:56,6
DA:82,6
DA:124,6
DA:148,6
DA:150,6
LF:11
LH:11
BRF:0
BRH:0
end_of_record
TN:
SF:src\utils\AppError.js
FN:3,(anonymous_0)
FNF:1
FNH:1
FNDA:26,(anonymous_0)
DA:4,26
DA:5,26
DA:6,26
DA:10,6
LF:4
LH:4
BRF:0
BRH:0
end_of_record
TN:
SF:src\utils\auth.js
FN:4,(anonymous_0)
FN:12,(anonymous_1)
FN:16,(anonymous_2)
FNF:3
FNH:3
FNDA:2,(anonymous_0)
FNDA:21,(anonymous_1)
FNDA:5,(anonymous_2)
DA:1,6
DA:2,6
DA:4,6
DA:6,2
DA:7,2
DA:12,6
DA:13,21
DA:16,6
DA:18,5
DA:24,5
DA:29,6
LF:11
LH:11
BRDA:25,0,0,5
BRDA:25,0,1,0
BRF:2
BRH:1
end_of_record
TN:
SF:src\utils\logger.js
FNF:0
FNH:0
DA:1,6
DA:3,6
DA:16,6
LF:3
LH:3
BRF:0
BRH:0
end_of_record
